<?xml version="1.0" encoding="utf-8"?><testsuites><testsuite name="pytest" errors="0" failures="0" skipped="0" tests="2" time="0.676" timestamp="2025-03-24T19:28:45.379121-03:00" hostname="DESKTOP-N6LKQSL"><testcase classname="python_scs.test_core" name="test_core" time="0.015" /><testcase classname="python_scs.test_streamlit_ui" name="test_streamlit_ui" time="0.308" /></testsuite></testsuites>